Performing C++ SOURCE FILE Test CMAKE_HAVE_LIBC_PTHREAD failed with the following output:
Change Dir: /home/viku/ai/issueanalyser/learn/cpp-advanced/02-error-handling-memory-model/exercises/build/CMakeFiles/CMakeTmp

Run Build Command(s):/usr/bin/make -f Makefile cmTC_9d603/fast && /usr/bin/make  -f CMakeFiles/cmTC_9d603.dir/build.make CMakeFiles/cmTC_9d603.dir/build
make[1]: Entering directory '/home/viku/ai/issueanalyser/learn/cpp-advanced/02-error-handling-memory-model/exercises/build/CMakeFiles/CMakeTmp'
Building CXX object CMakeFiles/cmTC_9d603.dir/src.cxx.o
/usr/bin/ccache  g++ -DCMAKE_HAVE_LIBC_PTHREAD  -std=gnu++2a -o CMakeFiles/cmTC_9d603.dir/src.cxx.o -c /home/viku/ai/issueanalyser/learn/cpp-advanced/02-error-handling-memory-model/exercises/build/CMakeFiles/CMakeTmp/src.cxx
Linking CXX executable cmTC_9d603
/home/viku/.local/lib/python3.8/site-packages/cmake/data/bin/cmake -E cmake_link_script CMakeFiles/cmTC_9d603.dir/link.txt --verbose=1
/usr/bin/ccache  g++ CMakeFiles/cmTC_9d603.dir/src.cxx.o -o cmTC_9d603 
/usr/bin/ld: CMakeFiles/cmTC_9d603.dir/src.cxx.o: in function `main':
src.cxx:(.text+0x46): undefined reference to `pthread_create'
/usr/bin/ld: src.cxx:(.text+0x52): undefined reference to `pthread_detach'
/usr/bin/ld: src.cxx:(.text+0x5e): undefined reference to `pthread_cancel'
/usr/bin/ld: src.cxx:(.text+0x6f): undefined reference to `pthread_join'
collect2: error: ld returned 1 exit status
make[1]: *** [CMakeFiles/cmTC_9d603.dir/build.make:99: cmTC_9d603] Error 1
make[1]: Leaving directory '/home/viku/ai/issueanalyser/learn/cpp-advanced/02-error-handling-memory-model/exercises/build/CMakeFiles/CMakeTmp'
make: *** [Makefile:127: cmTC_9d603/fast] Error 2


Source file was:
#include <pthread.h>

static void* test_func(void* data)
{
  return data;
}

int main(void)
{
  pthread_t thread;
  pthread_create(&thread, NULL, test_func, NULL);
  pthread_detach(thread);
  pthread_cancel(thread);
  pthread_join(thread, NULL);
  pthread_atfork(NULL, NULL, NULL);
  pthread_exit(NULL);

  return 0;
}

Determining if the function pthread_create exists in the pthreads failed with the following output:
Change Dir: /home/viku/ai/issueanalyser/learn/cpp-advanced/02-error-handling-memory-model/exercises/build/CMakeFiles/CMakeTmp

Run Build Command(s):/usr/bin/make -f Makefile cmTC_f222b/fast && /usr/bin/make  -f CMakeFiles/cmTC_f222b.dir/build.make CMakeFiles/cmTC_f222b.dir/build
make[1]: Entering directory '/home/viku/ai/issueanalyser/learn/cpp-advanced/02-error-handling-memory-model/exercises/build/CMakeFiles/CMakeTmp'
Building CXX object CMakeFiles/cmTC_f222b.dir/CheckFunctionExists.cxx.o
/usr/bin/ccache  g++   -DCHECK_FUNCTION_EXISTS=pthread_create -std=gnu++2a -o CMakeFiles/cmTC_f222b.dir/CheckFunctionExists.cxx.o -c /home/viku/ai/issueanalyser/learn/cpp-advanced/02-error-handling-memory-model/exercises/build/CMakeFiles/CheckLibraryExists/CheckFunctionExists.cxx
Linking CXX executable cmTC_f222b
/home/viku/.local/lib/python3.8/site-packages/cmake/data/bin/cmake -E cmake_link_script CMakeFiles/cmTC_f222b.dir/link.txt --verbose=1
/usr/bin/ccache  g++  -DCHECK_FUNCTION_EXISTS=pthread_create CMakeFiles/cmTC_f222b.dir/CheckFunctionExists.cxx.o -o cmTC_f222b  -lpthreads 
/usr/bin/ld: cannot find -lpthreads
collect2: error: ld returned 1 exit status
make[1]: *** [CMakeFiles/cmTC_f222b.dir/build.make:99: cmTC_f222b] Error 1
make[1]: Leaving directory '/home/viku/ai/issueanalyser/learn/cpp-advanced/02-error-handling-memory-model/exercises/build/CMakeFiles/CMakeTmp'
make: *** [Makefile:127: cmTC_f222b/fast] Error 2



