Performing C++ SOURCE FILE Test CMAKE_HAVE_LIBC_PTHREAD failed with the following output:
Change Dir: /home/viku/ai/issueanalyser/learn/cpp-advanced/09-hardware-lessons/exercises/build/CMakeFiles/CMakeTmp

Run Build Command(s):/usr/bin/make -f Makefile cmTC_8af2f/fast && /usr/bin/make  -f CMakeFiles/cmTC_8af2f.dir/build.make CMakeFiles/cmTC_8af2f.dir/build
make[1]: Entering directory '/home/viku/ai/issueanalyser/learn/cpp-advanced/09-hardware-lessons/exercises/build/CMakeFiles/CMakeTmp'
Building CXX object CMakeFiles/cmTC_8af2f.dir/src.cxx.o
/usr/bin/ccache  g++ -DCMAKE_HAVE_LIBC_PTHREAD  -std=c++2a -o CMakeFiles/cmTC_8af2f.dir/src.cxx.o -c /home/viku/ai/issueanalyser/learn/cpp-advanced/09-hardware-lessons/exercises/build/CMakeFiles/CMakeTmp/src.cxx
Linking CXX executable cmTC_8af2f
/home/viku/.local/lib/python3.8/site-packages/cmake/data/bin/cmake -E cmake_link_script CMakeFiles/cmTC_8af2f.dir/link.txt --verbose=1
/usr/bin/ccache  g++ CMakeFiles/cmTC_8af2f.dir/src.cxx.o -o cmTC_8af2f 
/usr/bin/ld: CMakeFiles/cmTC_8af2f.dir/src.cxx.o: in function `main':
src.cxx:(.text+0x46): undefined reference to `pthread_create'
/usr/bin/ld: src.cxx:(.text+0x52): undefined reference to `pthread_detach'
/usr/bin/ld: src.cxx:(.text+0x5e): undefined reference to `pthread_cancel'
/usr/bin/ld: src.cxx:(.text+0x6f): undefined reference to `pthread_join'
collect2: error: ld returned 1 exit status
make[1]: *** [CMakeFiles/cmTC_8af2f.dir/build.make:99: cmTC_8af2f] Error 1
make[1]: Leaving directory '/home/viku/ai/issueanalyser/learn/cpp-advanced/09-hardware-lessons/exercises/build/CMakeFiles/CMakeTmp'
make: *** [Makefile:127: cmTC_8af2f/fast] Error 2


Source file was:
#include <pthread.h>

static void* test_func(void* data)
{
  return data;
}

int main(void)
{
  pthread_t thread;
  pthread_create(&thread, NULL, test_func, NULL);
  pthread_detach(thread);
  pthread_cancel(thread);
  pthread_join(thread, NULL);
  pthread_atfork(NULL, NULL, NULL);
  pthread_exit(NULL);

  return 0;
}

Determining if the function pthread_create exists in the pthreads failed with the following output:
Change Dir: /home/viku/ai/issueanalyser/learn/cpp-advanced/09-hardware-lessons/exercises/build/CMakeFiles/CMakeTmp

Run Build Command(s):/usr/bin/make -f Makefile cmTC_482a7/fast && /usr/bin/make  -f CMakeFiles/cmTC_482a7.dir/build.make CMakeFiles/cmTC_482a7.dir/build
make[1]: Entering directory '/home/viku/ai/issueanalyser/learn/cpp-advanced/09-hardware-lessons/exercises/build/CMakeFiles/CMakeTmp'
Building CXX object CMakeFiles/cmTC_482a7.dir/CheckFunctionExists.cxx.o
/usr/bin/ccache  g++   -DCHECK_FUNCTION_EXISTS=pthread_create -std=c++2a -o CMakeFiles/cmTC_482a7.dir/CheckFunctionExists.cxx.o -c /home/viku/ai/issueanalyser/learn/cpp-advanced/09-hardware-lessons/exercises/build/CMakeFiles/CheckLibraryExists/CheckFunctionExists.cxx
Linking CXX executable cmTC_482a7
/home/viku/.local/lib/python3.8/site-packages/cmake/data/bin/cmake -E cmake_link_script CMakeFiles/cmTC_482a7.dir/link.txt --verbose=1
/usr/bin/ccache  g++  -DCHECK_FUNCTION_EXISTS=pthread_create CMakeFiles/cmTC_482a7.dir/CheckFunctionExists.cxx.o -o cmTC_482a7  -lpthreads 
/usr/bin/ld: cannot find -lpthreads
collect2: error: ld returned 1 exit status
make[1]: *** [CMakeFiles/cmTC_482a7.dir/build.make:99: cmTC_482a7] Error 1
make[1]: Leaving directory '/home/viku/ai/issueanalyser/learn/cpp-advanced/09-hardware-lessons/exercises/build/CMakeFiles/CMakeTmp'
make: *** [Makefile:127: cmTC_482a7/fast] Error 2



